<?xml version="1.0" encoding="UTF-8"?>
<!-- Generated by org.testng.reporters.JUnitReportReporter -->
<testsuite hostname="Siya-PC" name="UnitTests.TestNGExample" tests="1" failures="0" timestamp="2 Apr 2016 10:07:30 GMT" time="0.039" errors="0">
  <testcase name="testPrintMessage" time="0.039" classname="UnitTests.TestNGExample"/>
</testsuite> <!-- UnitTests.TestNGExample -->
