<?xml version="1.0" encoding="UTF-8"?>
<!-- Generated by org.testng.reporters.JUnitReportReporter -->
<testsuite hostname="Siya-PC" name="UnitTests.UserDaoTests" tests="11" failures="0" timestamp="8 Apr 2016 01:39:22 GMT" time="2.442" errors="0">
  <testcase name="testAddUser" time="0.069" classname="UnitTests.UserDaoTests"/>
  <testcase name="testAddUser" time="0.066" classname="UnitTests.UserDaoTests"/>
  <testcase name="testAddUser" time="0.063" classname="UnitTests.UserDaoTests"/>
  <testcase name="testAddUser" time="1.354" classname="UnitTests.UserDaoTests"/>
  <testcase name="testAddUser" time="0.063" classname="UnitTests.UserDaoTests"/>
  <testcase name="testAddUser" time="0.122" classname="UnitTests.UserDaoTests"/>
  <testcase name="testAddUser" time="0.089" classname="UnitTests.UserDaoTests"/>
  <testcase name="testAddUser" time="0.069" classname="UnitTests.UserDaoTests"/>
  <testcase name="testAddUser" time="0.054" classname="UnitTests.UserDaoTests"/>
  <testcase name="testAddUser" time="0.445" classname="UnitTests.UserDaoTests"/>
  <testcase name="testAddUser" time="0.048" classname="UnitTests.UserDaoTests"/>
</testsuite> <!-- UnitTests.UserDaoTests -->
