<?xml version="1.0" encoding="UTF-8"?>
<!-- Generated by org.testng.reporters.JUnitReportReporter -->
<testsuite hostname="Siya-PC" name="UnitTests.UserDaoTests" tests="5" failures="0" timestamp="4 Apr 2016 11:57:39 GMT" time="0.833" errors="0">
  <testcase name="addFollower" time="0.132" classname="UnitTests.UserDaoTests"/>
  <testcase name="addFollower" time="0.032" classname="UnitTests.UserDaoTests"/>
  <testcase name="addFollower" time="0.040" classname="UnitTests.UserDaoTests"/>
  <testcase name="addFollower" time="0.556" classname="UnitTests.UserDaoTests"/>
  <testcase name="addFollower" time="0.073" classname="UnitTests.UserDaoTests"/>
</testsuite> <!-- UnitTests.UserDaoTests -->
